<?xml version="1.0" encoding="UTF-8"?>
<!-- Generated by org.testng.reporters.JUnitReportReporter -->
<testsuite hostname="DESKTOP-KN5QNI8" failures="0" tests="1" name="Execution.sunglass" time="160.241" errors="0" timestamp="2023-12-11T14:24:24 IST" skipped="0">
  <testcase classname="Execution.sunglass" name="login" time="160.241"/>
</testsuite> <!-- Execution.sunglass -->
