<?xml version="1.0" encoding="UTF-8"?>
<!-- Generated by org.testng.reporters.JUnitReportReporter -->
<testsuite hostname="DESKTOP-KN5QNI8" failures="0" tests="1" name="Execution.whatnew" time="81.442" errors="0" timestamp="2023-12-10T12:52:24 IST" skipped="0">
  <testcase classname="Execution.whatnew" name="login" time="81.442"/>
</testsuite> <!-- Execution.whatnew -->
